 Container ramulator2-app-run-fec91c33ccc3 Creating 
 Container ramulator2-app-run-fec91c33ccc3 Created 
[Ramulator::ReadWriteTrace] [info] Loading trace file /ramulator2/traces/current.trace ...
[Ramulator::ReadWriteTrace] [info] Loaded 285600 lines.
[GenericDRAMController] Setup starting for channel 0...
Frontend:
  impl: ReadWriteTrace

[KVCompression] Channel 0 Summary:
  Total KV requests:    5580
  Compressed:           5520 (98.9247%)
  Outliers:             60 (1.07527%)
  Bytes saved:          264960
  Bandwidth reduction:  74.1936%
  Regular writes:       93
MemorySystem:
  impl: GenericDRAM
  total_num_other_requests: 121111
  total_num_write_requests: 0
  total_num_read_requests: 0
  memory_system_cycles: 285599
  DRAM:
    impl: HBM3PIM
  AddrMapper:
    impl: ChRaBaRoCo


  Controller:
    impl: Generic
    id: Channel 0
    avg_write_latency_0: 8.98999977
    avg_read_latency_0: 0.420117855
    read_queue_len_avg_0: 33.0246048
    write_latency_0: 50344
    write_queue_len_0: 4416670
    queue_len_0: 13848464
    num_other_reqs_0: 0
    num_write_reqs_0: 5600
    read_latency_0: 117633
    priority_queue_len_avg_0: 0
    row_hits_0: 1
    priority_queue_len_0: 0
    row_misses_0: 589
    row_conflicts_0: 606
    read_row_misses_0: 562
    queue_len_avg_0: 48.4891891
    read_row_conflicts_core_0: 0
    read_row_hits_0: 1
    write_queue_len_avg_0: 15.4645853
    read_row_conflicts_0: 573
    write_row_misses_0: 27
    write_row_conflicts_0: 33
    read_queue_len_0: 9431794
    write_row_hits_0: 0
    read_row_hits_core_0: 0
    read_row_misses_core_0: 0
    num_read_reqs_0: 280000
    Scheduler:
      impl: FRFCFS
    RefreshManager:
      impl: AllBank
    RowPolicy:
      impl: OpenRowPolicy


    ControllerPlugin:
      impl: KVCompression
      bytes_saved_0: 264960  # Total bytes saved by INT4 compression
      num_regular_writes_0: 93  # Number of regular (non-KV) write requests
      quantize_cycles_0: 0  # Total cycles spent on PIM quantization
      num_outliers_0: 60  # Number of outlier values requiring high-precision path
      num_kv_compressed_0: 5520  # Number of KV-Cache requests compressed via PIM
      num_kv_requests_0: 5580  # Total number of KV-Cache requests



